<?xml version="1.0" encoding="UTF-8"?>
<testng-results skipped="0" failed="0" ignored="0" total="1" passed="1">
  <reporter-output>
  </reporter-output>
  <suite name="test.MainTest" duration-ms="51838" started-at="2020-03-27T08:36:00Z" finished-at="2020-03-27T08:36:52Z">
    <groups>
    </groups>
    <test name="Command line test" duration-ms="51838" started-at="2020-03-27T08:36:00Z" finished-at="2020-03-27T08:36:52Z">
      <class name="test.MainTest">
        <test-method status="PASS" signature="setUp()[pri:0, instance:test.MainTest@67b64c45]" name="setUp" is-config="true" duration-ms="5555" started-at="2020-03-27T08:36:00Z" finished-at="2020-03-27T08:36:06Z">
          <reporter-output>
          </reporter-output>
        </test-method> <!-- setUp -->
        <test-method status="PASS" signature="compareCostsFromDifferentSources()[pri:0, instance:test.MainTest@67b64c45]" name="compareCostsFromDifferentSources" duration-ms="45224" started-at="2020-03-27T08:36:06Z" description="compare the cost of rent in the received letter and on the website" finished-at="2020-03-27T08:36:51Z">
          <reporter-output>
          </reporter-output>
        </test-method> <!-- compareCostsFromDifferentSources -->
        <test-method status="PASS" signature="browserTearDown()[pri:0, instance:test.MainTest@67b64c45]" name="browserTearDown" is-config="true" duration-ms="1011" started-at="2020-03-27T08:36:51Z" finished-at="2020-03-27T08:36:52Z">
          <reporter-output>
          </reporter-output>
        </test-method> <!-- browserTearDown -->
      </class> <!-- test.MainTest -->
    </test> <!-- Command line test -->
  </suite> <!-- test.MainTest -->
</testng-results>
